[2023-03-14T20:04:00] Selecionando porta automaticamente...
[2023-03-14T20:04:01] Porta selecionada: COM2
[2023-03-14T20:04:01] Iniciou o SERVER
[2023-03-14T20:04:02] DECODED Packet(header=Header(message_type=b'\x01', total_packets=30, last_successful_packet=0, server_id=1, current_packet=None, file_id=211, payload_size=None, restart_from=None), payload=b'')
[2023-03-14T20:04:02] PACOTE HELLO RECEBIDO!
[2023-03-14T20:04:02] Enviando Ready...
[2023-03-14T20:04:02] ENCODING Packet(header=Header(message_type=b'\x02', total_packets=0, last_successful_packet=0, server_id=1, current_packet=None, file_id=211, payload_size=None, restart_from=0), payload=b'')
[2023-03-14T20:04:03] DECODED Packet(header=Header(message_type=b'\x03', total_packets=30, last_successful_packet=0, server_id=1, current_packet=1, file_id=None, payload_size=114, restart_from=None), payload=b'According to all known laws of aviation, there is no way a bee should be able to fly.\r\nIts wings are too small to ')
[2023-03-14T20:04:03] PACOTE 1 RECEBIDO!
[2023-03-14T20:04:03] ENCODING Packet(header=Header(message_type=b'\x04', total_packets=0, last_successful_packet=2, server_id=1, current_packet=None, file_id=211, payload_size=None, restart_from=0), payload=b'')
[2023-03-14T20:04:03] DECODED Packet(header=Header(message_type=b'\x03', total_packets=30, last_successful_packet=0, server_id=1, current_packet=2, file_id=None, payload_size=114, restart_from=None), payload=b"get its fat little body off the ground.\r\nThe bee, of course, flies anyway because bees don't care what humans thin")
[2023-03-14T20:04:03] PACOTE 2 RECEBIDO!
[2023-03-14T20:04:03] ENCODING Packet(header=Header(message_type=b'\x04', total_packets=0, last_successful_packet=3, server_id=1, current_packet=None, file_id=211, payload_size=None, restart_from=0), payload=b'')
[2023-03-14T20:04:04] DECODED Packet(header=Header(message_type=b'\x03', total_packets=30, last_successful_packet=0, server_id=1, current_packet=3, file_id=None, payload_size=114, restart_from=None), payload=b"k is impossible.\r\nYellow, black. Yellow, black. Yellow, black. Yellow, black.\r\nOoh, black and yellow!\r\nLet's shake")
[2023-03-14T20:04:04] PACOTE 3 RECEBIDO!
[2023-03-14T20:04:04] ENCODING Packet(header=Header(message_type=b'\x04', total_packets=0, last_successful_packet=4, server_id=1, current_packet=None, file_id=211, payload_size=None, restart_from=0), payload=b'')
[2023-03-14T20:04:04] DECODED Packet(header=Header(message_type=b'\x03', total_packets=30, last_successful_packet=0, server_id=1, current_packet=4, file_id=None, payload_size=114, restart_from=None), payload=b' it up a little.\r\nBarry! Breakfast is ready!\r\nComing!\r\nHang on a second.\r\nHello?\r\nBarry?\r\nAdam?\r\nCan you believe t')
[2023-03-14T20:04:04] PACOTE 4 RECEBIDO!
[2023-03-14T20:04:04] ENCODING Packet(header=Header(message_type=b'\x04', total_packets=0, last_successful_packet=5, server_id=1, current_packet=None, file_id=211, payload_size=None, restart_from=0), payload=b'')
[2023-03-14T20:04:05] DECODED Packet(header=Header(message_type=b'\x03', total_packets=30, last_successful_packet=0, server_id=1, current_packet=12, file_id=None, payload_size=114, restart_from=None), payload=b"his is happening?\r\nI can't.\r\nI'll pick you up.\r\nLooking sharp.\r\nUse the stairs, Your father paid good money for th")
[2023-03-14T20:04:05] ENCODING Packet(header=Header(message_type=b'\x06', total_packets=0, last_successful_packet=0, server_id=1, current_packet=None, file_id=211, payload_size=None, restart_from=5), payload=b'')
[2023-03-14T20:04:05] Packet recebido não é o esperado. (esperava 5, recebi 12).
[2023-03-14T20:04:06] DECODED Packet(header=Header(message_type=b'\x03', total_packets=30, last_successful_packet=0, server_id=1, current_packet=1, file_id=None, payload_size=114, restart_from=None), payload=b"his is happening?\r\nI can't.\r\nI'll pick you up.\r\nLooking sharp.\r\nUse the stairs, Your father paid good money for th")
[2023-03-14T20:04:06] ENCODING Packet(header=Header(message_type=b'\x06', total_packets=0, last_successful_packet=0, server_id=1, current_packet=None, file_id=211, payload_size=None, restart_from=5), payload=b'')
[2023-03-14T20:04:06] Packet recebido não é o esperado. (esperava 5, recebi 1).
[2023-03-14T20:04:06] DECODED Packet(header=Header(message_type=b'\x03', total_packets=30, last_successful_packet=0, server_id=1, current_packet=22, file_id=None, payload_size=114, restart_from=None), payload=b"his is happening?\r\nI can't.\r\nI'll pick you up.\r\nLooking sharp.\r\nUse the stairs, Your father paid good money for th")
[2023-03-14T20:04:06] ENCODING Packet(header=Header(message_type=b'\x06', total_packets=0, last_successful_packet=0, server_id=1, current_packet=None, file_id=211, payload_size=None, restart_from=5), payload=b'')
[2023-03-14T20:04:06] Packet recebido não é o esperado. (esperava 5, recebi 22).
[2023-03-14T20:04:07] DECODED Packet(header=Header(message_type=b'\x03', total_packets=30, last_successful_packet=0, server_id=1, current_packet=18, file_id=None, payload_size=114, restart_from=None), payload=b"his is happening?\r\nI can't.\r\nI'll pick you up.\r\nLooking sharp.\r\nUse the stairs, Your father paid good money for th")
[2023-03-14T20:04:07] ENCODING Packet(header=Header(message_type=b'\x06', total_packets=0, last_successful_packet=0, server_id=1, current_packet=None, file_id=211, payload_size=None, restart_from=5), payload=b'')
[2023-03-14T20:04:07] Packet recebido não é o esperado. (esperava 5, recebi 18).
[2023-03-14T20:04:07] DECODED Packet(header=Header(message_type=b'\x03', total_packets=30, last_successful_packet=0, server_id=1, current_packet=21, file_id=None, payload_size=114, restart_from=None), payload=b"his is happening?\r\nI can't.\r\nI'll pick you up.\r\nLooking sharp.\r\nUse the stairs, Your father paid good money for th")
[2023-03-14T20:04:07] ENCODING Packet(header=Header(message_type=b'\x06', total_packets=0, last_successful_packet=0, server_id=1, current_packet=None, file_id=211, payload_size=None, restart_from=5), payload=b'')
[2023-03-14T20:04:07] Packet recebido não é o esperado. (esperava 5, recebi 21).
[2023-03-14T20:04:07] DECODED Packet(header=Header(message_type=b'\x03', total_packets=30, last_successful_packet=0, server_id=1, current_packet=4, file_id=None, payload_size=114, restart_from=None), payload=b"his is happening?\r\nI can't.\r\nI'll pick you up.\r\nLooking sharp.\r\nUse the stairs, Your father paid good money for th")
[2023-03-14T20:04:07] ENCODING Packet(header=Header(message_type=b'\x06', total_packets=0, last_successful_packet=0, server_id=1, current_packet=None, file_id=211, payload_size=None, restart_from=5), payload=b'')
[2023-03-14T20:04:08] Packet recebido não é o esperado. (esperava 5, recebi 4).
[2023-03-14T20:04:08] DECODED Packet(header=Header(message_type=b'\x03', total_packets=30, last_successful_packet=0, server_id=1, current_packet=15, file_id=None, payload_size=114, restart_from=None), payload=b"his is happening?\r\nI can't.\r\nI'll pick you up.\r\nLooking sharp.\r\nUse the stairs, Your father paid good money for th")
[2023-03-14T20:04:08] ENCODING Packet(header=Header(message_type=b'\x06', total_packets=0, last_successful_packet=0, server_id=1, current_packet=None, file_id=211, payload_size=None, restart_from=5), payload=b'')
[2023-03-14T20:04:08] Packet recebido não é o esperado. (esperava 5, recebi 15).
[2023-03-14T20:04:08] DECODED Packet(header=Header(message_type=b'\x03', total_packets=30, last_successful_packet=0, server_id=1, current_packet=12, file_id=None, payload_size=114, restart_from=None), payload=b"his is happening?\r\nI can't.\r\nI'll pick you up.\r\nLooking sharp.\r\nUse the stairs, Your father paid good money for th")
[2023-03-14T20:04:09] ENCODING Packet(header=Header(message_type=b'\x06', total_packets=0, last_successful_packet=0, server_id=1, current_packet=None, file_id=211, payload_size=None, restart_from=5), payload=b'')
[2023-03-14T20:04:09] Packet recebido não é o esperado. (esperava 5, recebi 12).
[2023-03-14T20:04:09] DECODED Packet(header=Header(message_type=b'\x03', total_packets=30, last_successful_packet=0, server_id=1, current_packet=5, file_id=None, payload_size=114, restart_from=None), payload=b"his is happening?\r\nI can't.\r\nI'll pick you up.\r\nLooking sharp.\r\nUse the stairs, Your father paid good money for th")
[2023-03-14T20:04:09] PACOTE 5 RECEBIDO!
[2023-03-14T20:04:09] ENCODING Packet(header=Header(message_type=b'\x04', total_packets=0, last_successful_packet=6, server_id=1, current_packet=None, file_id=211, payload_size=None, restart_from=0), payload=b'')
[2023-03-14T20:04:10] DECODED Packet(header=Header(message_type=b'\x03', total_packets=30, last_successful_packet=0, server_id=1, current_packet=19, file_id=None, payload_size=114, restart_from=None), payload=b"ose.\r\nSorry. I'm excited.\r\nHere's the graduate.\r\nWe're very proud of you, son.\r\nA perfect report card, all B's.\r\nV")
[2023-03-14T20:04:10] ENCODING Packet(header=Header(message_type=b'\x06', total_packets=0, last_successful_packet=0, server_id=1, current_packet=None, file_id=211, payload_size=None, restart_from=6), payload=b'')
[2023-03-14T20:04:10] Packet recebido não é o esperado. (esperava 6, recebi 19).
[2023-03-14T20:04:10] DECODED Packet(header=Header(message_type=b'\x03', total_packets=30, last_successful_packet=0, server_id=1, current_packet=7, file_id=None, payload_size=114, restart_from=None), payload=b"ose.\r\nSorry. I'm excited.\r\nHere's the graduate.\r\nWe're very proud of you, son.\r\nA perfect report card, all B's.\r\nV")
[2023-03-14T20:04:11] ENCODING Packet(header=Header(message_type=b'\x06', total_packets=0, last_successful_packet=0, server_id=1, current_packet=None, file_id=211, payload_size=None, restart_from=6), payload=b'')
[2023-03-14T20:04:11] Packet recebido não é o esperado. (esperava 6, recebi 7).
[2023-03-14T20:04:11] DECODED Packet(header=Header(message_type=b'\x03', total_packets=30, last_successful_packet=0, server_id=1, current_packet=19, file_id=None, payload_size=114, restart_from=None), payload=b"ose.\r\nSorry. I'm excited.\r\nHere's the graduate.\r\nWe're very proud of you, son.\r\nA perfect report card, all B's.\r\nV")
[2023-03-14T20:04:11] ENCODING Packet(header=Header(message_type=b'\x06', total_packets=0, last_successful_packet=0, server_id=1, current_packet=None, file_id=211, payload_size=None, restart_from=6), payload=b'')
[2023-03-14T20:04:11] Packet recebido não é o esperado. (esperava 6, recebi 19).
[2023-03-14T20:04:12] DECODED Packet(header=Header(message_type=b'\x03', total_packets=30, last_successful_packet=0, server_id=1, current_packet=0, file_id=None, payload_size=114, restart_from=None), payload=b"ose.\r\nSorry. I'm excited.\r\nHere's the graduate.\r\nWe're very proud of you, son.\r\nA perfect report card, all B's.\r\nV")
[2023-03-14T20:04:12] ENCODING Packet(header=Header(message_type=b'\x06', total_packets=0, last_successful_packet=0, server_id=1, current_packet=None, file_id=211, payload_size=None, restart_from=6), payload=b'')
[2023-03-14T20:04:12] Packet recebido não é o esperado. (esperava 6, recebi 0).
[2023-03-14T20:04:12] DECODED Packet(header=Header(message_type=b'\x03', total_packets=30, last_successful_packet=0, server_id=1, current_packet=4, file_id=None, payload_size=114, restart_from=None), payload=b"ose.\r\nSorry. I'm excited.\r\nHere's the graduate.\r\nWe're very proud of you, son.\r\nA perfect report card, all B's.\r\nV")
[2023-03-14T20:04:12] ENCODING Packet(header=Header(message_type=b'\x06', total_packets=0, last_successful_packet=0, server_id=1, current_packet=None, file_id=211, payload_size=None, restart_from=6), payload=b'')
[2023-03-14T20:04:12] Packet recebido não é o esperado. (esperava 6, recebi 4).
[2023-03-14T20:04:13] DECODED Packet(header=Header(message_type=b'\x03', total_packets=30, last_successful_packet=0, server_id=1, current_packet=18, file_id=None, payload_size=114, restart_from=None), payload=b"ose.\r\nSorry. I'm excited.\r\nHere's the graduate.\r\nWe're very proud of you, son.\r\nA perfect report card, all B's.\r\nV")
[2023-03-14T20:04:13] ENCODING Packet(header=Header(message_type=b'\x06', total_packets=0, last_successful_packet=0, server_id=1, current_packet=None, file_id=211, payload_size=None, restart_from=6), payload=b'')
[2023-03-14T20:04:13] Packet recebido não é o esperado. (esperava 6, recebi 18).
[2023-03-14T20:04:13] DECODED Packet(header=Header(message_type=b'\x03', total_packets=30, last_successful_packet=0, server_id=1, current_packet=12, file_id=None, payload_size=114, restart_from=None), payload=b"ose.\r\nSorry. I'm excited.\r\nHere's the graduate.\r\nWe're very proud of you, son.\r\nA perfect report card, all B's.\r\nV")
[2023-03-14T20:04:13] ENCODING Packet(header=Header(message_type=b'\x06', total_packets=0, last_successful_packet=0, server_id=1, current_packet=None, file_id=211, payload_size=None, restart_from=6), payload=b'')
[2023-03-14T20:04:13] Packet recebido não é o esperado. (esperava 6, recebi 12).
[2023-03-14T20:04:14] DECODED Packet(header=Header(message_type=b'\x03', total_packets=30, last_successful_packet=0, server_id=1, current_packet=5, file_id=None, payload_size=114, restart_from=None), payload=b"ose.\r\nSorry. I'm excited.\r\nHere's the graduate.\r\nWe're very proud of you, son.\r\nA perfect report card, all B's.\r\nV")
[2023-03-14T20:04:14] ENCODING Packet(header=Header(message_type=b'\x06', total_packets=0, last_successful_packet=0, server_id=1, current_packet=None, file_id=211, payload_size=None, restart_from=6), payload=b'')
[2023-03-14T20:04:14] Packet recebido não é o esperado. (esperava 6, recebi 5).
[2023-03-14T20:04:14] DECODED Packet(header=Header(message_type=b'\x03', total_packets=30, last_successful_packet=0, server_id=1, current_packet=21, file_id=None, payload_size=114, restart_from=None), payload=b"ose.\r\nSorry. I'm excited.\r\nHere's the graduate.\r\nWe're very proud of you, son.\r\nA perfect report card, all B's.\r\nV")
[2023-03-14T20:04:14] ENCODING Packet(header=Header(message_type=b'\x06', total_packets=0, last_successful_packet=0, server_id=1, current_packet=None, file_id=211, payload_size=None, restart_from=6), payload=b'')
[2023-03-14T20:04:14] Packet recebido não é o esperado. (esperava 6, recebi 21).
[2023-03-14T20:04:14] DECODED Packet(header=Header(message_type=b'\x03', total_packets=30, last_successful_packet=0, server_id=1, current_packet=7, file_id=None, payload_size=114, restart_from=None), payload=b"ose.\r\nSorry. I'm excited.\r\nHere's the graduate.\r\nWe're very proud of you, son.\r\nA perfect report card, all B's.\r\nV")
[2023-03-14T20:04:14] ENCODING Packet(header=Header(message_type=b'\x06', total_packets=0, last_successful_packet=0, server_id=1, current_packet=None, file_id=211, payload_size=None, restart_from=6), payload=b'')
[2023-03-14T20:04:15] Packet recebido não é o esperado. (esperava 6, recebi 7).
[2023-03-14T20:04:15] DECODED Packet(header=Header(message_type=b'\x03', total_packets=30, last_successful_packet=0, server_id=1, current_packet=13, file_id=None, payload_size=114, restart_from=None), payload=b"ose.\r\nSorry. I'm excited.\r\nHere's the graduate.\r\nWe're very proud of you, son.\r\nA perfect report card, all B's.\r\nV")
[2023-03-14T20:04:15] ENCODING Packet(header=Header(message_type=b'\x06', total_packets=0, last_successful_packet=0, server_id=1, current_packet=None, file_id=211, payload_size=None, restart_from=6), payload=b'')
[2023-03-14T20:04:15] Packet recebido não é o esperado. (esperava 6, recebi 13).
[2023-03-14T20:04:15] DECODED Packet(header=Header(message_type=b'\x03', total_packets=30, last_successful_packet=0, server_id=1, current_packet=15, file_id=None, payload_size=114, restart_from=None), payload=b"ose.\r\nSorry. I'm excited.\r\nHere's the graduate.\r\nWe're very proud of you, son.\r\nA perfect report card, all B's.\r\nV")
[2023-03-14T20:04:15] ENCODING Packet(header=Header(message_type=b'\x06', total_packets=0, last_successful_packet=0, server_id=1, current_packet=None, file_id=211, payload_size=None, restart_from=6), payload=b'')
[2023-03-14T20:04:15] Packet recebido não é o esperado. (esperava 6, recebi 15).
[2023-03-14T20:04:16] DECODED Packet(header=Header(message_type=b'\x03', total_packets=30, last_successful_packet=0, server_id=1, current_packet=12, file_id=None, payload_size=114, restart_from=None), payload=b"ose.\r\nSorry. I'm excited.\r\nHere's the graduate.\r\nWe're very proud of you, son.\r\nA perfect report card, all B's.\r\nV")
[2023-03-14T20:04:16] ENCODING Packet(header=Header(message_type=b'\x06', total_packets=0, last_successful_packet=0, server_id=1, current_packet=None, file_id=211, payload_size=None, restart_from=6), payload=b'')
[2023-03-14T20:04:16] Packet recebido não é o esperado. (esperava 6, recebi 12).
[2023-03-14T20:04:16] DECODED Packet(header=Header(message_type=b'\x03', total_packets=30, last_successful_packet=0, server_id=1, current_packet=25, file_id=None, payload_size=114, restart_from=None), payload=b"ose.\r\nSorry. I'm excited.\r\nHere's the graduate.\r\nWe're very proud of you, son.\r\nA perfect report card, all B's.\r\nV")
[2023-03-14T20:04:16] ENCODING Packet(header=Header(message_type=b'\x06', total_packets=0, last_successful_packet=0, server_id=1, current_packet=None, file_id=211, payload_size=None, restart_from=6), payload=b'')
[2023-03-14T20:04:17] Packet recebido não é o esperado. (esperava 6, recebi 25).
[2023-03-14T20:04:17] DECODED Packet(header=Header(message_type=b'\x03', total_packets=30, last_successful_packet=0, server_id=1, current_packet=29, file_id=None, payload_size=114, restart_from=None), payload=b"ose.\r\nSorry. I'm excited.\r\nHere's the graduate.\r\nWe're very proud of you, son.\r\nA perfect report card, all B's.\r\nV")
[2023-03-14T20:04:17] ENCODING Packet(header=Header(message_type=b'\x06', total_packets=0, last_successful_packet=0, server_id=1, current_packet=None, file_id=211, payload_size=None, restart_from=6), payload=b'')
[2023-03-14T20:04:17] Packet recebido não é o esperado. (esperava 6, recebi 29).
[2023-03-14T20:04:18] DECODED Packet(header=Header(message_type=b'\x03', total_packets=30, last_successful_packet=0, server_id=1, current_packet=8, file_id=None, payload_size=114, restart_from=None), payload=b"ose.\r\nSorry. I'm excited.\r\nHere's the graduate.\r\nWe're very proud of you, son.\r\nA perfect report card, all B's.\r\nV")
[2023-03-14T20:04:18] ENCODING Packet(header=Header(message_type=b'\x06', total_packets=0, last_successful_packet=0, server_id=1, current_packet=None, file_id=211, payload_size=None, restart_from=6), payload=b'')
[2023-03-14T20:04:18] Packet recebido não é o esperado. (esperava 6, recebi 8).
[2023-03-14T20:04:18] DECODED Packet(header=Header(message_type=b'\x03', total_packets=30, last_successful_packet=0, server_id=1, current_packet=17, file_id=None, payload_size=114, restart_from=None), payload=b"ose.\r\nSorry. I'm excited.\r\nHere's the graduate.\r\nWe're very proud of you, son.\r\nA perfect report card, all B's.\r\nV")
[2023-03-14T20:04:18] ENCODING Packet(header=Header(message_type=b'\x06', total_packets=0, last_successful_packet=0, server_id=1, current_packet=None, file_id=211, payload_size=None, restart_from=6), payload=b'')
[2023-03-14T20:04:18] Packet recebido não é o esperado. (esperava 6, recebi 17).
[2023-03-14T20:04:19] DECODED Packet(header=Header(message_type=b'\x03', total_packets=30, last_successful_packet=0, server_id=1, current_packet=10, file_id=None, payload_size=114, restart_from=None), payload=b"ose.\r\nSorry. I'm excited.\r\nHere's the graduate.\r\nWe're very proud of you, son.\r\nA perfect report card, all B's.\r\nV")
[2023-03-14T20:04:19] ENCODING Packet(header=Header(message_type=b'\x06', total_packets=0, last_successful_packet=0, server_id=1, current_packet=None, file_id=211, payload_size=None, restart_from=6), payload=b'')
[2023-03-14T20:04:19] Packet recebido não é o esperado. (esperava 6, recebi 10).
[2023-03-14T20:04:19] DECODED Packet(header=Header(message_type=b'\x03', total_packets=30, last_successful_packet=0, server_id=1, current_packet=25, file_id=None, payload_size=114, restart_from=None), payload=b"ose.\r\nSorry. I'm excited.\r\nHere's the graduate.\r\nWe're very proud of you, son.\r\nA perfect report card, all B's.\r\nV")
[2023-03-14T20:04:19] ENCODING Packet(header=Header(message_type=b'\x06', total_packets=0, last_successful_packet=0, server_id=1, current_packet=None, file_id=211, payload_size=None, restart_from=6), payload=b'')
[2023-03-14T20:04:19] Packet recebido não é o esperado. (esperava 6, recebi 25).
[2023-03-14T20:04:19] DECODED Packet(header=Header(message_type=b'\x03', total_packets=30, last_successful_packet=0, server_id=1, current_packet=8, file_id=None, payload_size=114, restart_from=None), payload=b"ose.\r\nSorry. I'm excited.\r\nHere's the graduate.\r\nWe're very proud of you, son.\r\nA perfect report card, all B's.\r\nV")
[2023-03-14T20:04:20] ENCODING Packet(header=Header(message_type=b'\x06', total_packets=0, last_successful_packet=0, server_id=1, current_packet=None, file_id=211, payload_size=None, restart_from=6), payload=b'')
[2023-03-14T20:04:20] Packet recebido não é o esperado. (esperava 6, recebi 8).
[2023-03-14T20:04:20] DECODED Packet(header=Header(message_type=b'\x03', total_packets=30, last_successful_packet=0, server_id=1, current_packet=7, file_id=None, payload_size=114, restart_from=None), payload=b"ose.\r\nSorry. I'm excited.\r\nHere's the graduate.\r\nWe're very proud of you, son.\r\nA perfect report card, all B's.\r\nV")
[2023-03-14T20:04:20] ENCODING Packet(header=Header(message_type=b'\x06', total_packets=0, last_successful_packet=0, server_id=1, current_packet=None, file_id=211, payload_size=None, restart_from=6), payload=b'')
[2023-03-14T20:04:20] Packet recebido não é o esperado. (esperava 6, recebi 7).
[2023-03-14T20:04:20] DECODED Packet(header=Header(message_type=b'\x03', total_packets=30, last_successful_packet=0, server_id=1, current_packet=4, file_id=None, payload_size=114, restart_from=None), payload=b"ose.\r\nSorry. I'm excited.\r\nHere's the graduate.\r\nWe're very proud of you, son.\r\nA perfect report card, all B's.\r\nV")
[2023-03-14T20:04:20] ENCODING Packet(header=Header(message_type=b'\x06', total_packets=0, last_successful_packet=0, server_id=1, current_packet=None, file_id=211, payload_size=None, restart_from=6), payload=b'')
[2023-03-14T20:04:20] Packet recebido não é o esperado. (esperava 6, recebi 4).
[2023-03-14T20:04:21] DECODED Packet(header=Header(message_type=b'\x03', total_packets=30, last_successful_packet=0, server_id=1, current_packet=20, file_id=None, payload_size=114, restart_from=None), payload=b"ose.\r\nSorry. I'm excited.\r\nHere's the graduate.\r\nWe're very proud of you, son.\r\nA perfect report card, all B's.\r\nV")
[2023-03-14T20:04:21] ENCODING Packet(header=Header(message_type=b'\x06', total_packets=0, last_successful_packet=0, server_id=1, current_packet=None, file_id=211, payload_size=None, restart_from=6), payload=b'')
[2023-03-14T20:04:21] Packet recebido não é o esperado. (esperava 6, recebi 20).
[2023-03-14T20:04:21] DECODED Packet(header=Header(message_type=b'\x03', total_packets=30, last_successful_packet=0, server_id=1, current_packet=14, file_id=None, payload_size=114, restart_from=None), payload=b"ose.\r\nSorry. I'm excited.\r\nHere's the graduate.\r\nWe're very proud of you, son.\r\nA perfect report card, all B's.\r\nV")
[2023-03-14T20:04:21] ENCODING Packet(header=Header(message_type=b'\x06', total_packets=0, last_successful_packet=0, server_id=1, current_packet=None, file_id=211, payload_size=None, restart_from=6), payload=b'')
[2023-03-14T20:04:21] Packet recebido não é o esperado. (esperava 6, recebi 14).
[2023-03-14T20:04:22] DECODED Packet(header=Header(message_type=b'\x03', total_packets=30, last_successful_packet=0, server_id=1, current_packet=17, file_id=None, payload_size=114, restart_from=None), payload=b"ose.\r\nSorry. I'm excited.\r\nHere's the graduate.\r\nWe're very proud of you, son.\r\nA perfect report card, all B's.\r\nV")
[2023-03-14T20:04:22] ENCODING Packet(header=Header(message_type=b'\x06', total_packets=0, last_successful_packet=0, server_id=1, current_packet=None, file_id=211, payload_size=None, restart_from=6), payload=b'')
[2023-03-14T20:04:22] Packet recebido não é o esperado. (esperava 6, recebi 17).
[2023-03-14T20:04:22] DECODED Packet(header=Header(message_type=b'\x03', total_packets=30, last_successful_packet=0, server_id=1, current_packet=22, file_id=None, payload_size=114, restart_from=None), payload=b"ose.\r\nSorry. I'm excited.\r\nHere's the graduate.\r\nWe're very proud of you, son.\r\nA perfect report card, all B's.\r\nV")
[2023-03-14T20:04:22] ENCODING Packet(header=Header(message_type=b'\x06', total_packets=0, last_successful_packet=0, server_id=1, current_packet=None, file_id=211, payload_size=None, restart_from=6), payload=b'')
[2023-03-14T20:04:22] Packet recebido não é o esperado. (esperava 6, recebi 22).
[2023-03-14T20:04:23] DECODED Packet(header=Header(message_type=b'\x03', total_packets=30, last_successful_packet=0, server_id=1, current_packet=23, file_id=None, payload_size=114, restart_from=None), payload=b"ose.\r\nSorry. I'm excited.\r\nHere's the graduate.\r\nWe're very proud of you, son.\r\nA perfect report card, all B's.\r\nV")
[2023-03-14T20:04:23] ENCODING Packet(header=Header(message_type=b'\x06', total_packets=0, last_successful_packet=0, server_id=1, current_packet=None, file_id=211, payload_size=None, restart_from=6), payload=b'')
[2023-03-14T20:04:23] Packet recebido não é o esperado. (esperava 6, recebi 23).
[2023-03-14T20:04:23] DECODED Packet(header=Header(message_type=b'\x03', total_packets=30, last_successful_packet=0, server_id=1, current_packet=24, file_id=None, payload_size=114, restart_from=None), payload=b"ose.\r\nSorry. I'm excited.\r\nHere's the graduate.\r\nWe're very proud of you, son.\r\nA perfect report card, all B's.\r\nV")
[2023-03-14T20:04:23] ENCODING Packet(header=Header(message_type=b'\x06', total_packets=0, last_successful_packet=0, server_id=1, current_packet=None, file_id=211, payload_size=None, restart_from=6), payload=b'')
[2023-03-14T20:04:23] Packet recebido não é o esperado. (esperava 6, recebi 24).
[2023-03-14T20:04:23] DECODED Packet(header=Header(message_type=b'\x03', total_packets=30, last_successful_packet=0, server_id=1, current_packet=8, file_id=None, payload_size=114, restart_from=None), payload=b"ose.\r\nSorry. I'm excited.\r\nHere's the graduate.\r\nWe're very proud of you, son.\r\nA perfect report card, all B's.\r\nV")
[2023-03-14T20:04:23] ENCODING Packet(header=Header(message_type=b'\x06', total_packets=0, last_successful_packet=0, server_id=1, current_packet=None, file_id=211, payload_size=None, restart_from=6), payload=b'')
[2023-03-14T20:04:23] Packet recebido não é o esperado. (esperava 6, recebi 8).
[2023-03-14T20:04:24] DECODED Packet(header=Header(message_type=b'\x03', total_packets=30, last_successful_packet=0, server_id=1, current_packet=17, file_id=None, payload_size=114, restart_from=None), payload=b"ose.\r\nSorry. I'm excited.\r\nHere's the graduate.\r\nWe're very proud of you, son.\r\nA perfect report card, all B's.\r\nV")
[2023-03-14T20:04:24] ENCODING Packet(header=Header(message_type=b'\x06', total_packets=0, last_successful_packet=0, server_id=1, current_packet=None, file_id=211, payload_size=None, restart_from=6), payload=b'')
[2023-03-14T20:04:24] Packet recebido não é o esperado. (esperava 6, recebi 17).
[2023-03-14T20:04:24] DECODED Packet(header=Header(message_type=b'\x03', total_packets=30, last_successful_packet=0, server_id=1, current_packet=14, file_id=None, payload_size=114, restart_from=None), payload=b"ose.\r\nSorry. I'm excited.\r\nHere's the graduate.\r\nWe're very proud of you, son.\r\nA perfect report card, all B's.\r\nV")
[2023-03-14T20:04:24] ENCODING Packet(header=Header(message_type=b'\x06', total_packets=0, last_successful_packet=0, server_id=1, current_packet=None, file_id=211, payload_size=None, restart_from=6), payload=b'')
[2023-03-14T20:04:24] Packet recebido não é o esperado. (esperava 6, recebi 14).
[2023-03-14T20:04:25] DECODED Packet(header=Header(message_type=b'\x03', total_packets=30, last_successful_packet=0, server_id=1, current_packet=0, file_id=None, payload_size=114, restart_from=None), payload=b"ose.\r\nSorry. I'm excited.\r\nHere's the graduate.\r\nWe're very proud of you, son.\r\nA perfect report card, all B's.\r\nV")
[2023-03-14T20:04:25] ENCODING Packet(header=Header(message_type=b'\x06', total_packets=0, last_successful_packet=0, server_id=1, current_packet=None, file_id=211, payload_size=None, restart_from=6), payload=b'')
[2023-03-14T20:04:25] Packet recebido não é o esperado. (esperava 6, recebi 0).
[2023-03-14T20:04:25] DECODED Packet(header=Header(message_type=b'\x03', total_packets=30, last_successful_packet=0, server_id=1, current_packet=20, file_id=None, payload_size=114, restart_from=None), payload=b"ose.\r\nSorry. I'm excited.\r\nHere's the graduate.\r\nWe're very proud of you, son.\r\nA perfect report card, all B's.\r\nV")
