[2023-03-14T20:03:57] Porta selecionada: COM1
[2023-03-14T20:03:57] Iniciou o main
[2023-03-14T20:03:57] -------------------------
[2023-03-14T20:03:57] ENCODING Packet(header=Header(message_type=b'\x01', total_packets=30, last_successful_packet=0, server_id=1, current_packet=None, file_id=211, payload_size=None, restart_from=0), payload=b'')
[2023-03-14T20:04:02] Nenhum pacote recebido
[2023-03-14T20:04:02] ENCODING Packet(header=Header(message_type=b'\x01', total_packets=30, last_successful_packet=0, server_id=1, current_packet=None, file_id=211, payload_size=None, restart_from=0), payload=b'')
[2023-03-14T20:04:02] DECODED Packet(header=Header(message_type=b'\x02', total_packets=0, last_successful_packet=0, server_id=1, current_packet=None, file_id=211, payload_size=None, restart_from=None), payload=b'')
[2023-03-14T20:04:02] -------------------------
[2023-03-14T20:04:02] Iniciando comunicação
[2023-03-14T20:04:02] -------------------------
[2023-03-14T20:04:02] Enviando pacote 1
[2023-03-14T20:04:02] ENCODING Packet(header=Header(message_type=b'\x03', total_packets=30, last_successful_packet=0, server_id=1, current_packet=1, file_id=211, payload_size=114, restart_from=0), payload=b'According to all known laws of aviation, there is no way a bee should be able to fly.\r\nIts wings are too small to ')
[2023-03-14T20:04:03] DECODED Packet(header=Header(message_type=b'\x04', total_packets=0, last_successful_packet=2, server_id=1, current_packet=None, file_id=None, payload_size=None, restart_from=None), payload=b'')
[2023-03-14T20:04:03] ACK do pacote 1 recebido!
[2023-03-14T20:04:03] Enviando pacote 2
[2023-03-14T20:04:03] ENCODING Packet(header=Header(message_type=b'\x03', total_packets=30, last_successful_packet=0, server_id=1, current_packet=2, file_id=211, payload_size=114, restart_from=0), payload=b"get its fat little body off the ground.\r\nThe bee, of course, flies anyway because bees don't care what humans thin")
[2023-03-14T20:04:03] DECODED Packet(header=Header(message_type=b'\x04', total_packets=0, last_successful_packet=3, server_id=1, current_packet=None, file_id=None, payload_size=None, restart_from=None), payload=b'')
[2023-03-14T20:04:03] ACK do pacote 2 recebido!
[2023-03-14T20:04:03] Enviando pacote 3
[2023-03-14T20:04:03] ENCODING Packet(header=Header(message_type=b'\x03', total_packets=30, last_successful_packet=0, server_id=1, current_packet=3, file_id=211, payload_size=114, restart_from=0), payload=b"k is impossible.\r\nYellow, black. Yellow, black. Yellow, black. Yellow, black.\r\nOoh, black and yellow!\r\nLet's shake")
[2023-03-14T20:04:04] DECODED Packet(header=Header(message_type=b'\x04', total_packets=0, last_successful_packet=4, server_id=1, current_packet=None, file_id=None, payload_size=None, restart_from=None), payload=b'')
[2023-03-14T20:04:04] ACK do pacote 3 recebido!
[2023-03-14T20:04:04] Enviando pacote 4
[2023-03-14T20:04:04] ENCODING Packet(header=Header(message_type=b'\x03', total_packets=30, last_successful_packet=0, server_id=1, current_packet=4, file_id=211, payload_size=114, restart_from=0), payload=b' it up a little.\r\nBarry! Breakfast is ready!\r\nComing!\r\nHang on a second.\r\nHello?\r\nBarry?\r\nAdam?\r\nCan you believe t')
[2023-03-14T20:04:05] DECODED Packet(header=Header(message_type=b'\x04', total_packets=0, last_successful_packet=5, server_id=1, current_packet=None, file_id=None, payload_size=None, restart_from=None), payload=b'')
[2023-03-14T20:04:05] ACK do pacote 4 recebido!
[2023-03-14T20:04:05] Enviando pacote 5
[2023-03-14T20:04:05] ENCODING Packet(header=Header(message_type=b'\x03', total_packets=30, last_successful_packet=0, server_id=1, current_packet=12, file_id=211, payload_size=114, restart_from=0), payload=b"his is happening?\r\nI can't.\r\nI'll pick you up.\r\nLooking sharp.\r\nUse the stairs, Your father paid good money for th")
[2023-03-14T20:04:05] DECODED Packet(header=Header(message_type=b'\x06', total_packets=0, last_successful_packet=0, server_id=1, current_packet=None, file_id=None, payload_size=None, restart_from=5), payload=b'')
[2023-03-14T20:04:05] Servidor reportou erro e solicitou continuar do pacote 5.
[2023-03-14T20:04:05] Enviando pacote 5
[2023-03-14T20:04:05] ENCODING Packet(header=Header(message_type=b'\x03', total_packets=30, last_successful_packet=0, server_id=1, current_packet=1, file_id=211, payload_size=114, restart_from=0), payload=b"his is happening?\r\nI can't.\r\nI'll pick you up.\r\nLooking sharp.\r\nUse the stairs, Your father paid good money for th")
[2023-03-14T20:04:06] DECODED Packet(header=Header(message_type=b'\x06', total_packets=0, last_successful_packet=0, server_id=1, current_packet=None, file_id=None, payload_size=None, restart_from=5), payload=b'')
[2023-03-14T20:04:06] Servidor reportou erro e solicitou continuar do pacote 5.
[2023-03-14T20:04:06] Enviando pacote 5
[2023-03-14T20:04:06] ENCODING Packet(header=Header(message_type=b'\x03', total_packets=30, last_successful_packet=0, server_id=1, current_packet=22, file_id=211, payload_size=114, restart_from=0), payload=b"his is happening?\r\nI can't.\r\nI'll pick you up.\r\nLooking sharp.\r\nUse the stairs, Your father paid good money for th")
[2023-03-14T20:04:07] DECODED Packet(header=Header(message_type=b'\x06', total_packets=0, last_successful_packet=0, server_id=1, current_packet=None, file_id=None, payload_size=None, restart_from=5), payload=b'')
[2023-03-14T20:04:07] Servidor reportou erro e solicitou continuar do pacote 5.
[2023-03-14T20:04:07] Enviando pacote 5
[2023-03-14T20:04:07] ENCODING Packet(header=Header(message_type=b'\x03', total_packets=30, last_successful_packet=0, server_id=1, current_packet=18, file_id=211, payload_size=114, restart_from=0), payload=b"his is happening?\r\nI can't.\r\nI'll pick you up.\r\nLooking sharp.\r\nUse the stairs, Your father paid good money for th")
[2023-03-14T20:04:07] DECODED Packet(header=Header(message_type=b'\x06', total_packets=0, last_successful_packet=0, server_id=1, current_packet=None, file_id=None, payload_size=None, restart_from=5), payload=b'')
[2023-03-14T20:04:07] Servidor reportou erro e solicitou continuar do pacote 5.
[2023-03-14T20:04:07] Enviando pacote 5
[2023-03-14T20:04:07] ENCODING Packet(header=Header(message_type=b'\x03', total_packets=30, last_successful_packet=0, server_id=1, current_packet=21, file_id=211, payload_size=114, restart_from=0), payload=b"his is happening?\r\nI can't.\r\nI'll pick you up.\r\nLooking sharp.\r\nUse the stairs, Your father paid good money for th")
[2023-03-14T20:04:07] DECODED Packet(header=Header(message_type=b'\x06', total_packets=0, last_successful_packet=0, server_id=1, current_packet=None, file_id=None, payload_size=None, restart_from=5), payload=b'')
[2023-03-14T20:04:07] Servidor reportou erro e solicitou continuar do pacote 5.
[2023-03-14T20:04:07] Enviando pacote 5
[2023-03-14T20:04:07] ENCODING Packet(header=Header(message_type=b'\x03', total_packets=30, last_successful_packet=0, server_id=1, current_packet=4, file_id=211, payload_size=114, restart_from=0), payload=b"his is happening?\r\nI can't.\r\nI'll pick you up.\r\nLooking sharp.\r\nUse the stairs, Your father paid good money for th")
[2023-03-14T20:04:08] DECODED Packet(header=Header(message_type=b'\x06', total_packets=0, last_successful_packet=0, server_id=1, current_packet=None, file_id=None, payload_size=None, restart_from=5), payload=b'')
[2023-03-14T20:04:08] Servidor reportou erro e solicitou continuar do pacote 5.
[2023-03-14T20:04:08] Enviando pacote 5
[2023-03-14T20:04:08] ENCODING Packet(header=Header(message_type=b'\x03', total_packets=30, last_successful_packet=0, server_id=1, current_packet=15, file_id=211, payload_size=114, restart_from=0), payload=b"his is happening?\r\nI can't.\r\nI'll pick you up.\r\nLooking sharp.\r\nUse the stairs, Your father paid good money for th")
[2023-03-14T20:04:08] DECODED Packet(header=Header(message_type=b'\x06', total_packets=0, last_successful_packet=0, server_id=1, current_packet=None, file_id=None, payload_size=None, restart_from=5), payload=b'')
[2023-03-14T20:04:08] Servidor reportou erro e solicitou continuar do pacote 5.
[2023-03-14T20:04:08] Enviando pacote 5
[2023-03-14T20:04:08] ENCODING Packet(header=Header(message_type=b'\x03', total_packets=30, last_successful_packet=0, server_id=1, current_packet=12, file_id=211, payload_size=114, restart_from=0), payload=b"his is happening?\r\nI can't.\r\nI'll pick you up.\r\nLooking sharp.\r\nUse the stairs, Your father paid good money for th")
[2023-03-14T20:04:09] DECODED Packet(header=Header(message_type=b'\x06', total_packets=0, last_successful_packet=0, server_id=1, current_packet=None, file_id=None, payload_size=None, restart_from=5), payload=b'')
[2023-03-14T20:04:09] Servidor reportou erro e solicitou continuar do pacote 5.
[2023-03-14T20:04:09] Enviando pacote 5
[2023-03-14T20:04:09] ENCODING Packet(header=Header(message_type=b'\x03', total_packets=30, last_successful_packet=0, server_id=1, current_packet=5, file_id=211, payload_size=114, restart_from=0), payload=b"his is happening?\r\nI can't.\r\nI'll pick you up.\r\nLooking sharp.\r\nUse the stairs, Your father paid good money for th")
[2023-03-14T20:04:09] DECODED Packet(header=Header(message_type=b'\x04', total_packets=0, last_successful_packet=6, server_id=1, current_packet=None, file_id=None, payload_size=None, restart_from=None), payload=b'')
[2023-03-14T20:04:09] ACK do pacote 5 recebido!
[2023-03-14T20:04:09] Enviando pacote 6
[2023-03-14T20:04:10] ENCODING Packet(header=Header(message_type=b'\x03', total_packets=30, last_successful_packet=0, server_id=1, current_packet=19, file_id=211, payload_size=114, restart_from=0), payload=b"ose.\r\nSorry. I'm excited.\r\nHere's the graduate.\r\nWe're very proud of you, son.\r\nA perfect report card, all B's.\r\nV")
[2023-03-14T20:04:10] DECODED Packet(header=Header(message_type=b'\x06', total_packets=0, last_successful_packet=0, server_id=1, current_packet=None, file_id=None, payload_size=None, restart_from=6), payload=b'')
[2023-03-14T20:04:10] Servidor reportou erro e solicitou continuar do pacote 6.
[2023-03-14T20:04:10] Enviando pacote 6
[2023-03-14T20:04:10] ENCODING Packet(header=Header(message_type=b'\x03', total_packets=30, last_successful_packet=0, server_id=1, current_packet=7, file_id=211, payload_size=114, restart_from=0), payload=b"ose.\r\nSorry. I'm excited.\r\nHere's the graduate.\r\nWe're very proud of you, son.\r\nA perfect report card, all B's.\r\nV")
[2023-03-14T20:04:11] DECODED Packet(header=Header(message_type=b'\x06', total_packets=0, last_successful_packet=0, server_id=1, current_packet=None, file_id=None, payload_size=None, restart_from=6), payload=b'')
[2023-03-14T20:04:11] Servidor reportou erro e solicitou continuar do pacote 6.
[2023-03-14T20:04:11] Enviando pacote 6
[2023-03-14T20:04:11] ENCODING Packet(header=Header(message_type=b'\x03', total_packets=30, last_successful_packet=0, server_id=1, current_packet=19, file_id=211, payload_size=114, restart_from=0), payload=b"ose.\r\nSorry. I'm excited.\r\nHere's the graduate.\r\nWe're very proud of you, son.\r\nA perfect report card, all B's.\r\nV")
[2023-03-14T20:04:11] DECODED Packet(header=Header(message_type=b'\x06', total_packets=0, last_successful_packet=0, server_id=1, current_packet=None, file_id=None, payload_size=None, restart_from=6), payload=b'')
[2023-03-14T20:04:11] Servidor reportou erro e solicitou continuar do pacote 6.
[2023-03-14T20:04:11] Enviando pacote 6
[2023-03-14T20:04:11] ENCODING Packet(header=Header(message_type=b'\x03', total_packets=30, last_successful_packet=0, server_id=1, current_packet=0, file_id=211, payload_size=114, restart_from=0), payload=b"ose.\r\nSorry. I'm excited.\r\nHere's the graduate.\r\nWe're very proud of you, son.\r\nA perfect report card, all B's.\r\nV")
[2023-03-14T20:04:12] DECODED Packet(header=Header(message_type=b'\x06', total_packets=0, last_successful_packet=0, server_id=1, current_packet=None, file_id=None, payload_size=None, restart_from=6), payload=b'')
[2023-03-14T20:04:12] Servidor reportou erro e solicitou continuar do pacote 6.
[2023-03-14T20:04:12] Enviando pacote 6
[2023-03-14T20:04:12] ENCODING Packet(header=Header(message_type=b'\x03', total_packets=30, last_successful_packet=0, server_id=1, current_packet=4, file_id=211, payload_size=114, restart_from=0), payload=b"ose.\r\nSorry. I'm excited.\r\nHere's the graduate.\r\nWe're very proud of you, son.\r\nA perfect report card, all B's.\r\nV")
[2023-03-14T20:04:12] DECODED Packet(header=Header(message_type=b'\x06', total_packets=0, last_successful_packet=0, server_id=1, current_packet=None, file_id=None, payload_size=None, restart_from=6), payload=b'')
[2023-03-14T20:04:12] Servidor reportou erro e solicitou continuar do pacote 6.
[2023-03-14T20:04:13] Enviando pacote 6
[2023-03-14T20:04:13] ENCODING Packet(header=Header(message_type=b'\x03', total_packets=30, last_successful_packet=0, server_id=1, current_packet=18, file_id=211, payload_size=114, restart_from=0), payload=b"ose.\r\nSorry. I'm excited.\r\nHere's the graduate.\r\nWe're very proud of you, son.\r\nA perfect report card, all B's.\r\nV")
[2023-03-14T20:04:13] DECODED Packet(header=Header(message_type=b'\x06', total_packets=0, last_successful_packet=0, server_id=1, current_packet=None, file_id=None, payload_size=None, restart_from=6), payload=b'')
[2023-03-14T20:04:13] Servidor reportou erro e solicitou continuar do pacote 6.
[2023-03-14T20:04:13] Enviando pacote 6
[2023-03-14T20:04:13] ENCODING Packet(header=Header(message_type=b'\x03', total_packets=30, last_successful_packet=0, server_id=1, current_packet=12, file_id=211, payload_size=114, restart_from=0), payload=b"ose.\r\nSorry. I'm excited.\r\nHere's the graduate.\r\nWe're very proud of you, son.\r\nA perfect report card, all B's.\r\nV")
[2023-03-14T20:04:13] DECODED Packet(header=Header(message_type=b'\x06', total_packets=0, last_successful_packet=0, server_id=1, current_packet=None, file_id=None, payload_size=None, restart_from=6), payload=b'')
[2023-03-14T20:04:13] Servidor reportou erro e solicitou continuar do pacote 6.
[2023-03-14T20:04:13] Enviando pacote 6
[2023-03-14T20:04:13] ENCODING Packet(header=Header(message_type=b'\x03', total_packets=30, last_successful_packet=0, server_id=1, current_packet=5, file_id=211, payload_size=114, restart_from=0), payload=b"ose.\r\nSorry. I'm excited.\r\nHere's the graduate.\r\nWe're very proud of you, son.\r\nA perfect report card, all B's.\r\nV")
[2023-03-14T20:04:14] DECODED Packet(header=Header(message_type=b'\x06', total_packets=0, last_successful_packet=0, server_id=1, current_packet=None, file_id=None, payload_size=None, restart_from=6), payload=b'')
[2023-03-14T20:04:14] Servidor reportou erro e solicitou continuar do pacote 6.
[2023-03-14T20:04:14] Enviando pacote 6
[2023-03-14T20:04:14] ENCODING Packet(header=Header(message_type=b'\x03', total_packets=30, last_successful_packet=0, server_id=1, current_packet=21, file_id=211, payload_size=114, restart_from=0), payload=b"ose.\r\nSorry. I'm excited.\r\nHere's the graduate.\r\nWe're very proud of you, son.\r\nA perfect report card, all B's.\r\nV")
[2023-03-14T20:04:14] DECODED Packet(header=Header(message_type=b'\x06', total_packets=0, last_successful_packet=0, server_id=1, current_packet=None, file_id=None, payload_size=None, restart_from=6), payload=b'')
[2023-03-14T20:04:14] Servidor reportou erro e solicitou continuar do pacote 6.
[2023-03-14T20:04:14] Enviando pacote 6
[2023-03-14T20:04:14] ENCODING Packet(header=Header(message_type=b'\x03', total_packets=30, last_successful_packet=0, server_id=1, current_packet=7, file_id=211, payload_size=114, restart_from=0), payload=b"ose.\r\nSorry. I'm excited.\r\nHere's the graduate.\r\nWe're very proud of you, son.\r\nA perfect report card, all B's.\r\nV")
[2023-03-14T20:04:15] DECODED Packet(header=Header(message_type=b'\x06', total_packets=0, last_successful_packet=0, server_id=1, current_packet=None, file_id=None, payload_size=None, restart_from=6), payload=b'')
[2023-03-14T20:04:15] Servidor reportou erro e solicitou continuar do pacote 6.
[2023-03-14T20:04:15] Enviando pacote 6
[2023-03-14T20:04:15] ENCODING Packet(header=Header(message_type=b'\x03', total_packets=30, last_successful_packet=0, server_id=1, current_packet=13, file_id=211, payload_size=114, restart_from=0), payload=b"ose.\r\nSorry. I'm excited.\r\nHere's the graduate.\r\nWe're very proud of you, son.\r\nA perfect report card, all B's.\r\nV")
[2023-03-14T20:04:15] DECODED Packet(header=Header(message_type=b'\x06', total_packets=0, last_successful_packet=0, server_id=1, current_packet=None, file_id=None, payload_size=None, restart_from=6), payload=b'')
[2023-03-14T20:04:15] Servidor reportou erro e solicitou continuar do pacote 6.
[2023-03-14T20:04:15] Enviando pacote 6
[2023-03-14T20:04:15] ENCODING Packet(header=Header(message_type=b'\x03', total_packets=30, last_successful_packet=0, server_id=1, current_packet=15, file_id=211, payload_size=114, restart_from=0), payload=b"ose.\r\nSorry. I'm excited.\r\nHere's the graduate.\r\nWe're very proud of you, son.\r\nA perfect report card, all B's.\r\nV")
[2023-03-14T20:04:16] DECODED Packet(header=Header(message_type=b'\x06', total_packets=0, last_successful_packet=0, server_id=1, current_packet=None, file_id=None, payload_size=None, restart_from=6), payload=b'')
[2023-03-14T20:04:16] Servidor reportou erro e solicitou continuar do pacote 6.
[2023-03-14T20:04:16] Enviando pacote 6
[2023-03-14T20:04:16] ENCODING Packet(header=Header(message_type=b'\x03', total_packets=30, last_successful_packet=0, server_id=1, current_packet=12, file_id=211, payload_size=114, restart_from=0), payload=b"ose.\r\nSorry. I'm excited.\r\nHere's the graduate.\r\nWe're very proud of you, son.\r\nA perfect report card, all B's.\r\nV")
[2023-03-14T20:04:16] DECODED Packet(header=Header(message_type=b'\x06', total_packets=0, last_successful_packet=0, server_id=1, current_packet=None, file_id=None, payload_size=None, restart_from=6), payload=b'')
[2023-03-14T20:04:16] Servidor reportou erro e solicitou continuar do pacote 6.
[2023-03-14T20:04:16] Enviando pacote 6
[2023-03-14T20:04:16] ENCODING Packet(header=Header(message_type=b'\x03', total_packets=30, last_successful_packet=0, server_id=1, current_packet=25, file_id=211, payload_size=114, restart_from=0), payload=b"ose.\r\nSorry. I'm excited.\r\nHere's the graduate.\r\nWe're very proud of you, son.\r\nA perfect report card, all B's.\r\nV")
[2023-03-14T20:04:17] DECODED Packet(header=Header(message_type=b'\x06', total_packets=0, last_successful_packet=0, server_id=1, current_packet=None, file_id=None, payload_size=None, restart_from=6), payload=b'')
[2023-03-14T20:04:17] Servidor reportou erro e solicitou continuar do pacote 6.
[2023-03-14T20:04:17] Enviando pacote 6
[2023-03-14T20:04:17] ENCODING Packet(header=Header(message_type=b'\x03', total_packets=30, last_successful_packet=0, server_id=1, current_packet=29, file_id=211, payload_size=114, restart_from=0), payload=b"ose.\r\nSorry. I'm excited.\r\nHere's the graduate.\r\nWe're very proud of you, son.\r\nA perfect report card, all B's.\r\nV")
[2023-03-14T20:04:17] DECODED Packet(header=Header(message_type=b'\x06', total_packets=0, last_successful_packet=0, server_id=1, current_packet=None, file_id=None, payload_size=None, restart_from=6), payload=b'')
[2023-03-14T20:04:17] Servidor reportou erro e solicitou continuar do pacote 6.
[2023-03-14T20:04:17] Enviando pacote 6
[2023-03-14T20:04:17] ENCODING Packet(header=Header(message_type=b'\x03', total_packets=30, last_successful_packet=0, server_id=1, current_packet=8, file_id=211, payload_size=114, restart_from=0), payload=b"ose.\r\nSorry. I'm excited.\r\nHere's the graduate.\r\nWe're very proud of you, son.\r\nA perfect report card, all B's.\r\nV")
[2023-03-14T20:04:18] DECODED Packet(header=Header(message_type=b'\x06', total_packets=0, last_successful_packet=0, server_id=1, current_packet=None, file_id=None, payload_size=None, restart_from=6), payload=b'')
[2023-03-14T20:04:18] Servidor reportou erro e solicitou continuar do pacote 6.
[2023-03-14T20:04:18] Enviando pacote 6
[2023-03-14T20:04:18] ENCODING Packet(header=Header(message_type=b'\x03', total_packets=30, last_successful_packet=0, server_id=1, current_packet=17, file_id=211, payload_size=114, restart_from=0), payload=b"ose.\r\nSorry. I'm excited.\r\nHere's the graduate.\r\nWe're very proud of you, son.\r\nA perfect report card, all B's.\r\nV")
[2023-03-14T20:04:18] DECODED Packet(header=Header(message_type=b'\x06', total_packets=0, last_successful_packet=0, server_id=1, current_packet=None, file_id=None, payload_size=None, restart_from=6), payload=b'')
[2023-03-14T20:04:18] Servidor reportou erro e solicitou continuar do pacote 6.
[2023-03-14T20:04:18] Enviando pacote 6
[2023-03-14T20:04:18] ENCODING Packet(header=Header(message_type=b'\x03', total_packets=30, last_successful_packet=0, server_id=1, current_packet=10, file_id=211, payload_size=114, restart_from=0), payload=b"ose.\r\nSorry. I'm excited.\r\nHere's the graduate.\r\nWe're very proud of you, son.\r\nA perfect report card, all B's.\r\nV")
[2023-03-14T20:04:19] DECODED Packet(header=Header(message_type=b'\x06', total_packets=0, last_successful_packet=0, server_id=1, current_packet=None, file_id=None, payload_size=None, restart_from=6), payload=b'')
[2023-03-14T20:04:19] Servidor reportou erro e solicitou continuar do pacote 6.
[2023-03-14T20:04:19] Enviando pacote 6
[2023-03-14T20:04:19] ENCODING Packet(header=Header(message_type=b'\x03', total_packets=30, last_successful_packet=0, server_id=1, current_packet=25, file_id=211, payload_size=114, restart_from=0), payload=b"ose.\r\nSorry. I'm excited.\r\nHere's the graduate.\r\nWe're very proud of you, son.\r\nA perfect report card, all B's.\r\nV")
[2023-03-14T20:04:19] DECODED Packet(header=Header(message_type=b'\x06', total_packets=0, last_successful_packet=0, server_id=1, current_packet=None, file_id=None, payload_size=None, restart_from=6), payload=b'')
[2023-03-14T20:04:19] Servidor reportou erro e solicitou continuar do pacote 6.
[2023-03-14T20:04:19] Enviando pacote 6
[2023-03-14T20:04:19] ENCODING Packet(header=Header(message_type=b'\x03', total_packets=30, last_successful_packet=0, server_id=1, current_packet=8, file_id=211, payload_size=114, restart_from=0), payload=b"ose.\r\nSorry. I'm excited.\r\nHere's the graduate.\r\nWe're very proud of you, son.\r\nA perfect report card, all B's.\r\nV")
[2023-03-14T20:04:20] DECODED Packet(header=Header(message_type=b'\x06', total_packets=0, last_successful_packet=0, server_id=1, current_packet=None, file_id=None, payload_size=None, restart_from=6), payload=b'')
[2023-03-14T20:04:20] Servidor reportou erro e solicitou continuar do pacote 6.
[2023-03-14T20:04:20] Enviando pacote 6
[2023-03-14T20:04:20] ENCODING Packet(header=Header(message_type=b'\x03', total_packets=30, last_successful_packet=0, server_id=1, current_packet=7, file_id=211, payload_size=114, restart_from=0), payload=b"ose.\r\nSorry. I'm excited.\r\nHere's the graduate.\r\nWe're very proud of you, son.\r\nA perfect report card, all B's.\r\nV")
[2023-03-14T20:04:20] DECODED Packet(header=Header(message_type=b'\x06', total_packets=0, last_successful_packet=0, server_id=1, current_packet=None, file_id=None, payload_size=None, restart_from=6), payload=b'')
[2023-03-14T20:04:20] Servidor reportou erro e solicitou continuar do pacote 6.
[2023-03-14T20:04:20] Enviando pacote 6
[2023-03-14T20:04:20] ENCODING Packet(header=Header(message_type=b'\x03', total_packets=30, last_successful_packet=0, server_id=1, current_packet=4, file_id=211, payload_size=114, restart_from=0), payload=b"ose.\r\nSorry. I'm excited.\r\nHere's the graduate.\r\nWe're very proud of you, son.\r\nA perfect report card, all B's.\r\nV")
[2023-03-14T20:04:21] DECODED Packet(header=Header(message_type=b'\x06', total_packets=0, last_successful_packet=0, server_id=1, current_packet=None, file_id=None, payload_size=None, restart_from=6), payload=b'')
[2023-03-14T20:04:21] Servidor reportou erro e solicitou continuar do pacote 6.
[2023-03-14T20:04:21] Enviando pacote 6
[2023-03-14T20:04:21] ENCODING Packet(header=Header(message_type=b'\x03', total_packets=30, last_successful_packet=0, server_id=1, current_packet=20, file_id=211, payload_size=114, restart_from=0), payload=b"ose.\r\nSorry. I'm excited.\r\nHere's the graduate.\r\nWe're very proud of you, son.\r\nA perfect report card, all B's.\r\nV")
[2023-03-14T20:04:21] DECODED Packet(header=Header(message_type=b'\x06', total_packets=0, last_successful_packet=0, server_id=1, current_packet=None, file_id=None, payload_size=None, restart_from=6), payload=b'')
[2023-03-14T20:04:21] Servidor reportou erro e solicitou continuar do pacote 6.
[2023-03-14T20:04:21] Enviando pacote 6
[2023-03-14T20:04:21] ENCODING Packet(header=Header(message_type=b'\x03', total_packets=30, last_successful_packet=0, server_id=1, current_packet=14, file_id=211, payload_size=114, restart_from=0), payload=b"ose.\r\nSorry. I'm excited.\r\nHere's the graduate.\r\nWe're very proud of you, son.\r\nA perfect report card, all B's.\r\nV")
[2023-03-14T20:04:21] DECODED Packet(header=Header(message_type=b'\x06', total_packets=0, last_successful_packet=0, server_id=1, current_packet=None, file_id=None, payload_size=None, restart_from=6), payload=b'')
[2023-03-14T20:04:22] Servidor reportou erro e solicitou continuar do pacote 6.
[2023-03-14T20:04:22] Enviando pacote 6
[2023-03-14T20:04:22] ENCODING Packet(header=Header(message_type=b'\x03', total_packets=30, last_successful_packet=0, server_id=1, current_packet=17, file_id=211, payload_size=114, restart_from=0), payload=b"ose.\r\nSorry. I'm excited.\r\nHere's the graduate.\r\nWe're very proud of you, son.\r\nA perfect report card, all B's.\r\nV")
[2023-03-14T20:04:22] DECODED Packet(header=Header(message_type=b'\x06', total_packets=0, last_successful_packet=0, server_id=1, current_packet=None, file_id=None, payload_size=None, restart_from=6), payload=b'')
[2023-03-14T20:04:22] Servidor reportou erro e solicitou continuar do pacote 6.
[2023-03-14T20:04:22] Enviando pacote 6
[2023-03-14T20:04:22] ENCODING Packet(header=Header(message_type=b'\x03', total_packets=30, last_successful_packet=0, server_id=1, current_packet=22, file_id=211, payload_size=114, restart_from=0), payload=b"ose.\r\nSorry. I'm excited.\r\nHere's the graduate.\r\nWe're very proud of you, son.\r\nA perfect report card, all B's.\r\nV")
[2023-03-14T20:04:22] DECODED Packet(header=Header(message_type=b'\x06', total_packets=0, last_successful_packet=0, server_id=1, current_packet=None, file_id=None, payload_size=None, restart_from=6), payload=b'')
[2023-03-14T20:04:22] Servidor reportou erro e solicitou continuar do pacote 6.
[2023-03-14T20:04:22] Enviando pacote 6
[2023-03-14T20:04:22] ENCODING Packet(header=Header(message_type=b'\x03', total_packets=30, last_successful_packet=0, server_id=1, current_packet=23, file_id=211, payload_size=114, restart_from=0), payload=b"ose.\r\nSorry. I'm excited.\r\nHere's the graduate.\r\nWe're very proud of you, son.\r\nA perfect report card, all B's.\r\nV")
[2023-03-14T20:04:23] DECODED Packet(header=Header(message_type=b'\x06', total_packets=0, last_successful_packet=0, server_id=1, current_packet=None, file_id=None, payload_size=None, restart_from=6), payload=b'')
[2023-03-14T20:04:23] Servidor reportou erro e solicitou continuar do pacote 6.
[2023-03-14T20:04:23] Enviando pacote 6
[2023-03-14T20:04:23] ENCODING Packet(header=Header(message_type=b'\x03', total_packets=30, last_successful_packet=0, server_id=1, current_packet=24, file_id=211, payload_size=114, restart_from=0), payload=b"ose.\r\nSorry. I'm excited.\r\nHere's the graduate.\r\nWe're very proud of you, son.\r\nA perfect report card, all B's.\r\nV")
[2023-03-14T20:04:23] DECODED Packet(header=Header(message_type=b'\x06', total_packets=0, last_successful_packet=0, server_id=1, current_packet=None, file_id=None, payload_size=None, restart_from=6), payload=b'')
[2023-03-14T20:04:23] Servidor reportou erro e solicitou continuar do pacote 6.
[2023-03-14T20:04:23] Enviando pacote 6
[2023-03-14T20:04:23] ENCODING Packet(header=Header(message_type=b'\x03', total_packets=30, last_successful_packet=0, server_id=1, current_packet=8, file_id=211, payload_size=114, restart_from=0), payload=b"ose.\r\nSorry. I'm excited.\r\nHere's the graduate.\r\nWe're very proud of you, son.\r\nA perfect report card, all B's.\r\nV")
[2023-03-14T20:04:24] DECODED Packet(header=Header(message_type=b'\x06', total_packets=0, last_successful_packet=0, server_id=1, current_packet=None, file_id=None, payload_size=None, restart_from=6), payload=b'')
[2023-03-14T20:04:24] Servidor reportou erro e solicitou continuar do pacote 6.
[2023-03-14T20:04:24] Enviando pacote 6
[2023-03-14T20:04:24] ENCODING Packet(header=Header(message_type=b'\x03', total_packets=30, last_successful_packet=0, server_id=1, current_packet=17, file_id=211, payload_size=114, restart_from=0), payload=b"ose.\r\nSorry. I'm excited.\r\nHere's the graduate.\r\nWe're very proud of you, son.\r\nA perfect report card, all B's.\r\nV")
[2023-03-14T20:04:24] DECODED Packet(header=Header(message_type=b'\x06', total_packets=0, last_successful_packet=0, server_id=1, current_packet=None, file_id=None, payload_size=None, restart_from=6), payload=b'')
[2023-03-14T20:04:24] Servidor reportou erro e solicitou continuar do pacote 6.
[2023-03-14T20:04:24] Enviando pacote 6
[2023-03-14T20:04:24] ENCODING Packet(header=Header(message_type=b'\x03', total_packets=30, last_successful_packet=0, server_id=1, current_packet=14, file_id=211, payload_size=114, restart_from=0), payload=b"ose.\r\nSorry. I'm excited.\r\nHere's the graduate.\r\nWe're very proud of you, son.\r\nA perfect report card, all B's.\r\nV")
[2023-03-14T20:04:25] DECODED Packet(header=Header(message_type=b'\x06', total_packets=0, last_successful_packet=0, server_id=1, current_packet=None, file_id=None, payload_size=None, restart_from=6), payload=b'')
[2023-03-14T20:04:25] Servidor reportou erro e solicitou continuar do pacote 6.
[2023-03-14T20:04:25] Enviando pacote 6
[2023-03-14T20:04:25] ENCODING Packet(header=Header(message_type=b'\x03', total_packets=30, last_successful_packet=0, server_id=1, current_packet=0, file_id=211, payload_size=114, restart_from=0), payload=b"ose.\r\nSorry. I'm excited.\r\nHere's the graduate.\r\nWe're very proud of you, son.\r\nA perfect report card, all B's.\r\nV")
[2023-03-14T20:04:25] DECODED Packet(header=Header(message_type=b'\x06', total_packets=0, last_successful_packet=0, server_id=1, current_packet=None, file_id=None, payload_size=None, restart_from=6), payload=b'')
[2023-03-14T20:04:25] Servidor reportou erro e solicitou continuar do pacote 6.
[2023-03-14T20:04:25] Enviando pacote 6
[2023-03-14T20:04:25] ENCODING Packet(header=Header(message_type=b'\x03', total_packets=30, last_successful_packet=0, server_id=1, current_packet=20, file_id=211, payload_size=114, restart_from=0), payload=b"ose.\r\nSorry. I'm excited.\r\nHere's the graduate.\r\nWe're very proud of you, son.\r\nA perfect report card, all B's.\r\nV")
[2023-03-14T20:04:25] DECODED Packet(header=Header(message_type=b'\x06', total_packets=0, last_successful_packet=0, server_id=1, current_packet=None, file_id=None, payload_size=None, restart_from=6), payload=b'')
[2023-03-14T20:04:26] Servidor reportou erro e solicitou continuar do pacote 6.
[2023-03-14T20:04:26] Enviando pacote 6
[2023-03-14T20:04:26] ENCODING Packet(header=Header(message_type=b'\x03', total_packets=30, last_successful_packet=0, server_id=1, current_packet=25, file_id=211, payload_size=114, restart_from=0), payload=b"ose.\r\nSorry. I'm excited.\r\nHere's the graduate.\r\nWe're very proud of you, son.\r\nA perfect report card, all B's.\r\nV")
